<?xml version="1.0" encoding="utf-8"?><testsuites><testsuite name="pytest" errors="0" failures="0" skipped="0" tests="4" time="49.333" timestamp="2025-03-05T21:27:38.447017" hostname="PELI002"><testcase classname="tests.model.test_model.TestModel" name="test_model_fit" time="6.965" /><testcase classname="tests.model.test_model.TestModel" name="test_model_predict" time="4.626" /><testcase classname="tests.model.test_model.TestModel" name="test_model_preprocess_for_serving" time="5.150" /><testcase classname="tests.model.test_model.TestModel" name="test_model_preprocess_for_training" time="5.576" /></testsuite></testsuites>